  10-round distinguisher.cpp
D:\Paper Writing\Shadow\投稿---TC\大修\代码\Code\Key Recovery Attack\Round key_Guessing\10_round_distinguisher\10_round_distinguisher\10-round distinguisher.cpp(238,15): warning C4244: “参数”: 从“unsigned __int64”转换到“int”，可能丢失数据
D:\Paper Writing\Shadow\投稿---TC\大修\代码\Code\Key Recovery Attack\Round key_Guessing\10_round_distinguisher\10_round_distinguisher\10-round distinguisher.cpp(328,12): warning C4101: “i”: 未引用的局部变量
D:\Paper Writing\Shadow\投稿---TC\大修\代码\Code\Key Recovery Attack\Round key_Guessing\10_round_distinguisher\10_round_distinguisher\10-round distinguisher.cpp(440,27): warning C4101: “Flag_R0”: 未引用的局部变量
D:\Paper Writing\Shadow\投稿---TC\大修\代码\Code\Key Recovery Attack\Round key_Guessing\10_round_distinguisher\10_round_distinguisher\10-round distinguisher.cpp(440,9): warning C4101: “Flag_L0”: 未引用的局部变量
D:\Paper Writing\Shadow\投稿---TC\大修\代码\Code\Key Recovery Attack\Round key_Guessing\10_round_distinguisher\10_round_distinguisher\10-round distinguisher.cpp(440,36): warning C4101: “Flag_R1”: 未引用的局部变量
D:\Paper Writing\Shadow\投稿---TC\大修\代码\Code\Key Recovery Attack\Round key_Guessing\10_round_distinguisher\10_round_distinguisher\10-round distinguisher.cpp(440,18): warning C4101: “Flag_L1”: 未引用的局部变量
D:\Paper Writing\Shadow\投稿---TC\大修\代码\Code\Key Recovery Attack\Round key_Guessing\10_round_distinguisher\10_round_distinguisher\10-round distinguisher.cpp(648,41): warning C4101: “dR0_1”: 未引用的局部变量
D:\Paper Writing\Shadow\投稿---TC\大修\代码\Code\Key Recovery Attack\Round key_Guessing\10_round_distinguisher\10_round_distinguisher\10-round distinguisher.cpp(645,73): warning C4101: “dLL1_0”: 未引用的局部变量
D:\Paper Writing\Shadow\投稿---TC\大修\代码\Code\Key Recovery Attack\Round key_Guessing\10_round_distinguisher\10_round_distinguisher\10-round distinguisher.cpp(645,81): warning C4101: “dRR0_0”: 未引用的局部变量
D:\Paper Writing\Shadow\投稿---TC\大修\代码\Code\Key Recovery Attack\Round key_Guessing\10_round_distinguisher\10_round_distinguisher\10-round distinguisher.cpp(648,48): warning C4101: “dR1_1”: 未引用的局部变量
D:\Paper Writing\Shadow\投稿---TC\大修\代码\Code\Key Recovery Attack\Round key_Guessing\10_round_distinguisher\10_round_distinguisher\10-round distinguisher.cpp(645,89): warning C4101: “dRR1_1”: 未引用的局部变量
D:\Paper Writing\Shadow\投稿---TC\大修\代码\Code\Key Recovery Attack\Round key_Guessing\10_round_distinguisher\10_round_distinguisher\10-round distinguisher.cpp(645,65): warning C4101: “dLL0_0”: 未引用的局部变量
D:\Paper Writing\Shadow\投稿---TC\大修\代码\Code\Key Recovery Attack\Round key_Guessing\10_round_distinguisher\10_round_distinguisher\10-round distinguisher.cpp(1104,16): warning C4554: “^”: 检查运算符优先级是否存在的可能的错误；使用括号阐明优先级
D:\Paper Writing\Shadow\投稿---TC\大修\代码\Code\Key Recovery Attack\Round key_Guessing\10_round_distinguisher\10_round_distinguisher\10-round distinguisher.cpp(1152,38): warning C4101: “R0vv6”: 未引用的局部变量
D:\Paper Writing\Shadow\投稿---TC\大修\代码\Code\Key Recovery Attack\Round key_Guessing\10_round_distinguisher\10_round_distinguisher\10-round distinguisher.cpp(1147,31): warning C4101: “k2_2”: 未引用的局部变量
D:\Paper Writing\Shadow\投稿---TC\大修\代码\Code\Key Recovery Attack\Round key_Guessing\10_round_distinguisher\10_round_distinguisher\10-round distinguisher.cpp(1147,25): warning C4101: “k2_1”: 未引用的局部变量
D:\Paper Writing\Shadow\投稿---TC\大修\代码\Code\Key Recovery Attack\Round key_Guessing\10_round_distinguisher\10_round_distinguisher\10-round distinguisher.cpp(1152,58): warning C4101: “R1v6”: 未引用的局部变量
D:\Paper Writing\Shadow\投稿---TC\大修\代码\Code\Key Recovery Attack\Round key_Guessing\10_round_distinguisher\10_round_distinguisher\10-round distinguisher.cpp(1147,43): warning C4101: “k3_1”: 未引用的局部变量
D:\Paper Writing\Shadow\投稿---TC\大修\代码\Code\Key Recovery Attack\Round key_Guessing\10_round_distinguisher\10_round_distinguisher\10-round distinguisher.cpp(1152,51): warning C4101: “R1vv4”: 未引用的局部变量
D:\Paper Writing\Shadow\投稿---TC\大修\代码\Code\Key Recovery Attack\Round key_Guessing\10_round_distinguisher\10_round_distinguisher\10-round distinguisher.cpp(1152,45): warning C4101: “R1v4”: 未引用的局部变量
D:\Paper Writing\Shadow\投稿---TC\大修\代码\Code\Key Recovery Attack\Round key_Guessing\10_round_distinguisher\10_round_distinguisher\10-round distinguisher.cpp(1152,25): warning C4101: “R0vv4”: 未引用的局部变量
D:\Paper Writing\Shadow\投稿---TC\大修\代码\Code\Key Recovery Attack\Round key_Guessing\10_round_distinguisher\10_round_distinguisher\10-round distinguisher.cpp(1147,37): warning C4101: “k3_0”: 未引用的局部变量
D:\Paper Writing\Shadow\投稿---TC\大修\代码\Code\Key Recovery Attack\Round key_Guessing\10_round_distinguisher\10_round_distinguisher\10-round distinguisher.cpp(1147,49): warning C4101: “k3_2”: 未引用的局部变量
D:\Paper Writing\Shadow\投稿---TC\大修\代码\Code\Key Recovery Attack\Round key_Guessing\10_round_distinguisher\10_round_distinguisher\10-round distinguisher.cpp(1152,32): warning C4101: “R0v6”: 未引用的局部变量
D:\Paper Writing\Shadow\投稿---TC\大修\代码\Code\Key Recovery Attack\Round key_Guessing\10_round_distinguisher\10_round_distinguisher\10-round distinguisher.cpp(1152,64): warning C4101: “R1vv6”: 未引用的局部变量
D:\Paper Writing\Shadow\投稿---TC\大修\代码\Code\Key Recovery Attack\Round key_Guessing\10_round_distinguisher\10_round_distinguisher\10-round distinguisher.cpp(1147,19): warning C4101: “k2_0”: 未引用的局部变量
D:\Paper Writing\Shadow\投稿---TC\大修\代码\Code\Key Recovery Attack\Round key_Guessing\10_round_distinguisher\10_round_distinguisher\10-round distinguisher.cpp(1152,19): warning C4101: “R0v4”: 未引用的局部变量
D:\Paper Writing\Shadow\投稿---TC\大修\代码\Code\Key Recovery Attack\Round key_Guessing\10_round_distinguisher\10_round_distinguisher\10-round distinguisher.cpp(1262,25): warning C4101: “t0”: 未引用的局部变量
D:\Paper Writing\Shadow\投稿---TC\大修\代码\Code\Key Recovery Attack\Round key_Guessing\10_round_distinguisher\10_round_distinguisher\10-round distinguisher.cpp(1262,79): warning C4101: “t16”: 未引用的局部变量
D:\Paper Writing\Shadow\投稿---TC\大修\代码\Code\Key Recovery Attack\Round key_Guessing\10_round_distinguisher\10_round_distinguisher\10-round distinguisher.cpp(1262,41): warning C4101: “t4”: 未引用的局部变量
D:\Paper Writing\Shadow\投稿---TC\大修\代码\Code\Key Recovery Attack\Round key_Guessing\10_round_distinguisher\10_round_distinguisher\10-round distinguisher.cpp(1262,33): warning C4101: “t2”: 未引用的局部变量
D:\Paper Writing\Shadow\投稿---TC\大修\代码\Code\Key Recovery Attack\Round key_Guessing\10_round_distinguisher\10_round_distinguisher\10-round distinguisher.cpp(1262,37): warning C4101: “t3”: 未引用的局部变量
D:\Paper Writing\Shadow\投稿---TC\大修\代码\Code\Key Recovery Attack\Round key_Guessing\10_round_distinguisher\10_round_distinguisher\10-round distinguisher.cpp(1262,45): warning C4101: “t5”: 未引用的局部变量
D:\Paper Writing\Shadow\投稿---TC\大修\代码\Code\Key Recovery Attack\Round key_Guessing\10_round_distinguisher\10_round_distinguisher\10-round distinguisher.cpp(1320,41): warning C4101: “t4”: 未引用的局部变量
D:\Paper Writing\Shadow\投稿---TC\大修\代码\Code\Key Recovery Attack\Round key_Guessing\10_round_distinguisher\10_round_distinguisher\10-round distinguisher.cpp(1320,33): warning C4101: “t2”: 未引用的局部变量
D:\Paper Writing\Shadow\投稿---TC\大修\代码\Code\Key Recovery Attack\Round key_Guessing\10_round_distinguisher\10_round_distinguisher\10-round distinguisher.cpp(1320,29): warning C4101: “t1”: 未引用的局部变量
D:\Paper Writing\Shadow\投稿---TC\大修\代码\Code\Key Recovery Attack\Round key_Guessing\10_round_distinguisher\10_round_distinguisher\10-round distinguisher.cpp(1320,37): warning C4101: “t3”: 未引用的局部变量
D:\Paper Writing\Shadow\投稿---TC\大修\代码\Code\Key Recovery Attack\Round key_Guessing\10_round_distinguisher\10_round_distinguisher\10-round distinguisher.cpp(1320,45): warning C4101: “t5”: 未引用的局部变量
D:\Paper Writing\Shadow\投稿---TC\大修\代码\Code\Key Recovery Attack\Round key_Guessing\10_round_distinguisher\10_round_distinguisher\10-round distinguisher.cpp(1356,38): warning C4101: “R0vv6”: 未引用的局部变量
D:\Paper Writing\Shadow\投稿---TC\大修\代码\Code\Key Recovery Attack\Round key_Guessing\10_round_distinguisher\10_round_distinguisher\10-round distinguisher.cpp(1350,31): warning C4101: “k2_2”: 未引用的局部变量
D:\Paper Writing\Shadow\投稿---TC\大修\代码\Code\Key Recovery Attack\Round key_Guessing\10_round_distinguisher\10_round_distinguisher\10-round distinguisher.cpp(1350,25): warning C4101: “k2_1”: 未引用的局部变量
D:\Paper Writing\Shadow\投稿---TC\大修\代码\Code\Key Recovery Attack\Round key_Guessing\10_round_distinguisher\10_round_distinguisher\10-round distinguisher.cpp(1356,58): warning C4101: “R1v6”: 未引用的局部变量
D:\Paper Writing\Shadow\投稿---TC\大修\代码\Code\Key Recovery Attack\Round key_Guessing\10_round_distinguisher\10_round_distinguisher\10-round distinguisher.cpp(1350,43): warning C4101: “k3_1”: 未引用的局部变量
D:\Paper Writing\Shadow\投稿---TC\大修\代码\Code\Key Recovery Attack\Round key_Guessing\10_round_distinguisher\10_round_distinguisher\10-round distinguisher.cpp(1356,51): warning C4101: “R1vv4”: 未引用的局部变量
D:\Paper Writing\Shadow\投稿---TC\大修\代码\Code\Key Recovery Attack\Round key_Guessing\10_round_distinguisher\10_round_distinguisher\10-round distinguisher.cpp(1356,45): warning C4101: “R1v4”: 未引用的局部变量
D:\Paper Writing\Shadow\投稿---TC\大修\代码\Code\Key Recovery Attack\Round key_Guessing\10_round_distinguisher\10_round_distinguisher\10-round distinguisher.cpp(1356,25): warning C4101: “R0vv4”: 未引用的局部变量
D:\Paper Writing\Shadow\投稿---TC\大修\代码\Code\Key Recovery Attack\Round key_Guessing\10_round_distinguisher\10_round_distinguisher\10-round distinguisher.cpp(1350,37): warning C4101: “k3_0”: 未引用的局部变量
D:\Paper Writing\Shadow\投稿---TC\大修\代码\Code\Key Recovery Attack\Round key_Guessing\10_round_distinguisher\10_round_distinguisher\10-round distinguisher.cpp(1350,49): warning C4101: “k3_2”: 未引用的局部变量
D:\Paper Writing\Shadow\投稿---TC\大修\代码\Code\Key Recovery Attack\Round key_Guessing\10_round_distinguisher\10_round_distinguisher\10-round distinguisher.cpp(1356,32): warning C4101: “R0v6”: 未引用的局部变量
D:\Paper Writing\Shadow\投稿---TC\大修\代码\Code\Key Recovery Attack\Round key_Guessing\10_round_distinguisher\10_round_distinguisher\10-round distinguisher.cpp(1356,64): warning C4101: “R1vv6”: 未引用的局部变量
D:\Paper Writing\Shadow\投稿---TC\大修\代码\Code\Key Recovery Attack\Round key_Guessing\10_round_distinguisher\10_round_distinguisher\10-round distinguisher.cpp(1350,19): warning C4101: “k2_0”: 未引用的局部变量
D:\Paper Writing\Shadow\投稿---TC\大修\代码\Code\Key Recovery Attack\Round key_Guessing\10_round_distinguisher\10_round_distinguisher\10-round distinguisher.cpp(1356,19): warning C4101: “R0v4”: 未引用的局部变量
D:\Paper Writing\Shadow\投稿---TC\大修\代码\Code\Key Recovery Attack\Round key_Guessing\10_round_distinguisher\10_round_distinguisher\10-round distinguisher.cpp(1533,38): warning C4101: “R0vv6”: 未引用的局部变量
D:\Paper Writing\Shadow\投稿---TC\大修\代码\Code\Key Recovery Attack\Round key_Guessing\10_round_distinguisher\10_round_distinguisher\10-round distinguisher.cpp(1528,31): warning C4101: “k2_2”: 未引用的局部变量
D:\Paper Writing\Shadow\投稿---TC\大修\代码\Code\Key Recovery Attack\Round key_Guessing\10_round_distinguisher\10_round_distinguisher\10-round distinguisher.cpp(1528,25): warning C4101: “k2_1”: 未引用的局部变量
D:\Paper Writing\Shadow\投稿---TC\大修\代码\Code\Key Recovery Attack\Round key_Guessing\10_round_distinguisher\10_round_distinguisher\10-round distinguisher.cpp(1533,58): warning C4101: “R1v6”: 未引用的局部变量
D:\Paper Writing\Shadow\投稿---TC\大修\代码\Code\Key Recovery Attack\Round key_Guessing\10_round_distinguisher\10_round_distinguisher\10-round distinguisher.cpp(1528,43): warning C4101: “k3_1”: 未引用的局部变量
D:\Paper Writing\Shadow\投稿---TC\大修\代码\Code\Key Recovery Attack\Round key_Guessing\10_round_distinguisher\10_round_distinguisher\10-round distinguisher.cpp(1533,51): warning C4101: “R1vv4”: 未引用的局部变量
D:\Paper Writing\Shadow\投稿---TC\大修\代码\Code\Key Recovery Attack\Round key_Guessing\10_round_distinguisher\10_round_distinguisher\10-round distinguisher.cpp(1533,45): warning C4101: “R1v4”: 未引用的局部变量
D:\Paper Writing\Shadow\投稿---TC\大修\代码\Code\Key Recovery Attack\Round key_Guessing\10_round_distinguisher\10_round_distinguisher\10-round distinguisher.cpp(1533,25): warning C4101: “R0vv4”: 未引用的局部变量
D:\Paper Writing\Shadow\投稿---TC\大修\代码\Code\Key Recovery Attack\Round key_Guessing\10_round_distinguisher\10_round_distinguisher\10-round distinguisher.cpp(1528,37): warning C4101: “k3_0”: 未引用的局部变量
D:\Paper Writing\Shadow\投稿---TC\大修\代码\Code\Key Recovery Attack\Round key_Guessing\10_round_distinguisher\10_round_distinguisher\10-round distinguisher.cpp(1528,49): warning C4101: “k3_2”: 未引用的局部变量
D:\Paper Writing\Shadow\投稿---TC\大修\代码\Code\Key Recovery Attack\Round key_Guessing\10_round_distinguisher\10_round_distinguisher\10-round distinguisher.cpp(1533,32): warning C4101: “R0v6”: 未引用的局部变量
D:\Paper Writing\Shadow\投稿---TC\大修\代码\Code\Key Recovery Attack\Round key_Guessing\10_round_distinguisher\10_round_distinguisher\10-round distinguisher.cpp(1533,64): warning C4101: “R1vv6”: 未引用的局部变量
D:\Paper Writing\Shadow\投稿---TC\大修\代码\Code\Key Recovery Attack\Round key_Guessing\10_round_distinguisher\10_round_distinguisher\10-round distinguisher.cpp(1528,19): warning C4101: “k2_0”: 未引用的局部变量
D:\Paper Writing\Shadow\投稿---TC\大修\代码\Code\Key Recovery Attack\Round key_Guessing\10_round_distinguisher\10_round_distinguisher\10-round distinguisher.cpp(1533,19): warning C4101: “R0v4”: 未引用的局部变量
D:\Paper Writing\Shadow\投稿---TC\大修\代码\Code\Key Recovery Attack\Round key_Guessing\10_round_distinguisher\10_round_distinguisher\10-round distinguisher.cpp(1868,19): warning C4101: “dmr0_12”: 未引用的局部变量
D:\Paper Writing\Shadow\投稿---TC\大修\代码\Code\Key Recovery Attack\Round key_Guessing\10_round_distinguisher\10_round_distinguisher\10-round distinguisher.cpp(1870,87): warning C4101: “mrr0_12”: 未引用的局部变量
D:\Paper Writing\Shadow\投稿---TC\大修\代码\Code\Key Recovery Attack\Round key_Guessing\10_round_distinguisher\10_round_distinguisher\10-round distinguisher.cpp(1870,79): warning C4101: “mr0_12”: 未引用的局部变量
D:\Paper Writing\Shadow\投稿---TC\大修\代码\Code\Key Recovery Attack\Round key_Guessing\10_round_distinguisher\10_round_distinguisher\10-round distinguisher.cpp(2087,80): warning C4101: “temp22”: 未引用的局部变量
D:\Paper Writing\Shadow\投稿---TC\大修\代码\Code\Key Recovery Attack\Round key_Guessing\10_round_distinguisher\10_round_distinguisher\10-round distinguisher.cpp(2087,48): warning C4101: “temp12”: 未引用的局部变量
D:\Paper Writing\Shadow\投稿---TC\大修\代码\Code\Key Recovery Attack\Round key_Guessing\10_round_distinguisher\10_round_distinguisher\10-round distinguisher.cpp(2235,80): warning C4101: “temp22”: 未引用的局部变量
D:\Paper Writing\Shadow\投稿---TC\大修\代码\Code\Key Recovery Attack\Round key_Guessing\10_round_distinguisher\10_round_distinguisher\10-round distinguisher.cpp(2235,48): warning C4101: “temp12”: 未引用的局部变量
D:\Paper Writing\Shadow\投稿---TC\大修\代码\Code\Key Recovery Attack\Round key_Guessing\10_round_distinguisher\10_round_distinguisher\10-round distinguisher.cpp(2366,87): warning C4101: “mrr0_12”: 未引用的局部变量
D:\Paper Writing\Shadow\投稿---TC\大修\代码\Code\Key Recovery Attack\Round key_Guessing\10_round_distinguisher\10_round_distinguisher\10-round distinguisher.cpp(2366,79): warning C4101: “mr0_12”: 未引用的局部变量
D:\Paper Writing\Shadow\投稿---TC\大修\代码\Code\Key Recovery Attack\Round key_Guessing\10_round_distinguisher\10_round_distinguisher\10-round distinguisher.cpp(2603,27): warning C4101: “R0”: 未引用的局部变量
D:\Paper Writing\Shadow\投稿---TC\大修\代码\Code\Key Recovery Attack\Round key_Guessing\10_round_distinguisher\10_round_distinguisher\10-round distinguisher.cpp(2603,19): warning C4101: “L0”: 未引用的局部变量
D:\Paper Writing\Shadow\投稿---TC\大修\代码\Code\Key Recovery Attack\Round key_Guessing\10_round_distinguisher\10_round_distinguisher\10-round distinguisher.cpp(2603,43): warning C4101: “k2”: 未引用的局部变量
D:\Paper Writing\Shadow\投稿---TC\大修\代码\Code\Key Recovery Attack\Round key_Guessing\10_round_distinguisher\10_round_distinguisher\10-round distinguisher.cpp(2603,31): warning C4101: “R1”: 未引用的局部变量
D:\Paper Writing\Shadow\投稿---TC\大修\代码\Code\Key Recovery Attack\Round key_Guessing\10_round_distinguisher\10_round_distinguisher\10-round distinguisher.cpp(2603,39): warning C4101: “k1”: 未引用的局部变量
D:\Paper Writing\Shadow\投稿---TC\大修\代码\Code\Key Recovery Attack\Round key_Guessing\10_round_distinguisher\10_round_distinguisher\10-round distinguisher.cpp(2603,35): warning C4101: “k0”: 未引用的局部变量
D:\Paper Writing\Shadow\投稿---TC\大修\代码\Code\Key Recovery Attack\Round key_Guessing\10_round_distinguisher\10_round_distinguisher\10-round distinguisher.cpp(2603,23): warning C4101: “L1”: 未引用的局部变量
D:\Paper Writing\Shadow\投稿---TC\大修\代码\Code\Key Recovery Attack\Round key_Guessing\10_round_distinguisher\10_round_distinguisher\10-round distinguisher.cpp(2603,47): warning C4101: “k3”: 未引用的局部变量
  正在生成代码
  1 of 174 functions ( 0.6%) were compiled, the rest were copied from previous compilation.
    0 functions were new in current compilation
    1 functions had inline decision re-evaluated but remain unchanged
  已完成代码的生成
  10_round_distinguisher.vcxproj -> D:\Paper Writing\Shadow\投稿---TC\大修\代码\Code\Key Recovery Attack\Round key_Guessing\10_round_distinguisher\x64\Release\10_round_distinguisher.exe
