  11-round distinguisher.cpp
D:\Paper Writing\Shadow\投稿---TC\大修\代码\Code\Key Recovery Attack\Round key_Guessing\11-round distinguisher\11-round distinguisher\11-round distinguisher.cpp(233,15): warning C4244: “参数”: 从“unsigned __int64”转换到“int”，可能丢失数据
D:\Paper Writing\Shadow\投稿---TC\大修\代码\Code\Key Recovery Attack\Round key_Guessing\11-round distinguisher\11-round distinguisher\11-round distinguisher.cpp(323,12): warning C4101: “i”: 未引用的局部变量
D:\Paper Writing\Shadow\投稿---TC\大修\代码\Code\Key Recovery Attack\Round key_Guessing\11-round distinguisher\11-round distinguisher\11-round distinguisher.cpp(386,41): warning C4101: “dR0_1”: 未引用的局部变量
D:\Paper Writing\Shadow\投稿---TC\大修\代码\Code\Key Recovery Attack\Round key_Guessing\11-round distinguisher\11-round distinguisher\11-round distinguisher.cpp(383,73): warning C4101: “dLL1_0”: 未引用的局部变量
D:\Paper Writing\Shadow\投稿---TC\大修\代码\Code\Key Recovery Attack\Round key_Guessing\11-round distinguisher\11-round distinguisher\11-round distinguisher.cpp(383,81): warning C4101: “dRR0_0”: 未引用的局部变量
D:\Paper Writing\Shadow\投稿---TC\大修\代码\Code\Key Recovery Attack\Round key_Guessing\11-round distinguisher\11-round distinguisher\11-round distinguisher.cpp(386,48): warning C4101: “dR1_1”: 未引用的局部变量
D:\Paper Writing\Shadow\投稿---TC\大修\代码\Code\Key Recovery Attack\Round key_Guessing\11-round distinguisher\11-round distinguisher\11-round distinguisher.cpp(383,89): warning C4101: “dRR1_1”: 未引用的局部变量
D:\Paper Writing\Shadow\投稿---TC\大修\代码\Code\Key Recovery Attack\Round key_Guessing\11-round distinguisher\11-round distinguisher\11-round distinguisher.cpp(383,65): warning C4101: “dLL0_0”: 未引用的局部变量
D:\Paper Writing\Shadow\投稿---TC\大修\代码\Code\Key Recovery Attack\Round key_Guessing\11-round distinguisher\11-round distinguisher\11-round distinguisher.cpp(994,19): warning C4101: “dmr0_12”: 未引用的局部变量
D:\Paper Writing\Shadow\投稿---TC\大修\代码\Code\Key Recovery Attack\Round key_Guessing\11-round distinguisher\11-round distinguisher\11-round distinguisher.cpp(996,87): warning C4101: “mrr0_12”: 未引用的局部变量
D:\Paper Writing\Shadow\投稿---TC\大修\代码\Code\Key Recovery Attack\Round key_Guessing\11-round distinguisher\11-round distinguisher\11-round distinguisher.cpp(996,79): warning C4101: “mr0_12”: 未引用的局部变量
D:\Paper Writing\Shadow\投稿---TC\大修\代码\Code\Key Recovery Attack\Round key_Guessing\11-round distinguisher\11-round distinguisher\11-round distinguisher.cpp(1246,27): warning C4101: “R0”: 未引用的局部变量
D:\Paper Writing\Shadow\投稿---TC\大修\代码\Code\Key Recovery Attack\Round key_Guessing\11-round distinguisher\11-round distinguisher\11-round distinguisher.cpp(1246,19): warning C4101: “L0”: 未引用的局部变量
D:\Paper Writing\Shadow\投稿---TC\大修\代码\Code\Key Recovery Attack\Round key_Guessing\11-round distinguisher\11-round distinguisher\11-round distinguisher.cpp(1246,43): warning C4101: “k2”: 未引用的局部变量
D:\Paper Writing\Shadow\投稿---TC\大修\代码\Code\Key Recovery Attack\Round key_Guessing\11-round distinguisher\11-round distinguisher\11-round distinguisher.cpp(1246,31): warning C4101: “R1”: 未引用的局部变量
D:\Paper Writing\Shadow\投稿---TC\大修\代码\Code\Key Recovery Attack\Round key_Guessing\11-round distinguisher\11-round distinguisher\11-round distinguisher.cpp(1246,39): warning C4101: “k1”: 未引用的局部变量
D:\Paper Writing\Shadow\投稿---TC\大修\代码\Code\Key Recovery Attack\Round key_Guessing\11-round distinguisher\11-round distinguisher\11-round distinguisher.cpp(1246,35): warning C4101: “k0”: 未引用的局部变量
D:\Paper Writing\Shadow\投稿---TC\大修\代码\Code\Key Recovery Attack\Round key_Guessing\11-round distinguisher\11-round distinguisher\11-round distinguisher.cpp(1246,23): warning C4101: “L1”: 未引用的局部变量
D:\Paper Writing\Shadow\投稿---TC\大修\代码\Code\Key Recovery Attack\Round key_Guessing\11-round distinguisher\11-round distinguisher\11-round distinguisher.cpp(1246,47): warning C4101: “k3”: 未引用的局部变量
  正在生成代码
  3 of 174 functions ( 1.7%) were compiled, the rest were copied from previous compilation.
    0 functions were new in current compilation
    0 functions had inline decision re-evaluated but remain unchanged
  已完成代码的生成
  11-round distinguisher.vcxproj -> D:\Paper Writing\Shadow\投稿---TC\大修\代码\Code\Key Recovery Attack\Round key_Guessing\11-round distinguisher\x64\Release\11-round distinguisher.exe
