  12-round distinguisher.cpp
D:\Paper Writing\Shadow\投稿---TC\大修\代码\Code\Key Recovery Attack\Round key_Guessing\12-round distinguisher\12-round distinguisher\12-round distinguisher.cpp(238,15): warning C4244: “参数”: 从“unsigned __int64”转换到“int”，可能丢失数据
D:\Paper Writing\Shadow\投稿---TC\大修\代码\Code\Key Recovery Attack\Round key_Guessing\12-round distinguisher\12-round distinguisher\12-round distinguisher.cpp(328,12): warning C4101: “i”: 未引用的局部变量
D:\Paper Writing\Shadow\投稿---TC\大修\代码\Code\Key Recovery Attack\Round key_Guessing\12-round distinguisher\12-round distinguisher\12-round distinguisher.cpp(630,32): warning C4101: “k1sum”: 未引用的局部变量
D:\Paper Writing\Shadow\投稿---TC\大修\代码\Code\Key Recovery Attack\Round key_Guessing\12-round distinguisher\12-round distinguisher\12-round distinguisher.cpp(631,87): warning C4101: “mrr0_13”: 未引用的局部变量
D:\Paper Writing\Shadow\投稿---TC\大修\代码\Code\Key Recovery Attack\Round key_Guessing\12-round distinguisher\12-round distinguisher\12-round distinguisher.cpp(630,25): warning C4101: “k0sum”: 未引用的局部变量
D:\Paper Writing\Shadow\投稿---TC\大修\代码\Code\Key Recovery Attack\Round key_Guessing\12-round distinguisher\12-round distinguisher\12-round distinguisher.cpp(630,39): warning C4101: “k2sum”: 未引用的局部变量
D:\Paper Writing\Shadow\投稿---TC\大修\代码\Code\Key Recovery Attack\Round key_Guessing\12-round distinguisher\12-round distinguisher\12-round distinguisher.cpp(629,19): warning C4101: “dmr0_13”: 未引用的局部变量
D:\Paper Writing\Shadow\投稿---TC\大修\代码\Code\Key Recovery Attack\Round key_Guessing\12-round distinguisher\12-round distinguisher\12-round distinguisher.cpp(630,85): warning C4101: “k8”: 未引用的局部变量
D:\Paper Writing\Shadow\投稿---TC\大修\代码\Code\Key Recovery Attack\Round key_Guessing\12-round distinguisher\12-round distinguisher\12-round distinguisher.cpp(630,61): warning C4101: “k2”: 未引用的局部变量
D:\Paper Writing\Shadow\投稿---TC\大修\代码\Code\Key Recovery Attack\Round key_Guessing\12-round distinguisher\12-round distinguisher\12-round distinguisher.cpp(630,69): warning C4101: “k4”: 未引用的局部变量
D:\Paper Writing\Shadow\投稿---TC\大修\代码\Code\Key Recovery Attack\Round key_Guessing\12-round distinguisher\12-round distinguisher\12-round distinguisher.cpp(630,46): warning C4101: “k3sum”: 未引用的局部变量
D:\Paper Writing\Shadow\投稿---TC\大修\代码\Code\Key Recovery Attack\Round key_Guessing\12-round distinguisher\12-round distinguisher\12-round distinguisher.cpp(630,89): warning C4101: “k9”: 未引用的局部变量
D:\Paper Writing\Shadow\投稿---TC\大修\代码\Code\Key Recovery Attack\Round key_Guessing\12-round distinguisher\12-round distinguisher\12-round distinguisher.cpp(630,57): warning C4101: “k1”: 未引用的局部变量
D:\Paper Writing\Shadow\投稿---TC\大修\代码\Code\Key Recovery Attack\Round key_Guessing\12-round distinguisher\12-round distinguisher\12-round distinguisher.cpp(630,53): warning C4101: “k0”: 未引用的局部变量
D:\Paper Writing\Shadow\投稿---TC\大修\代码\Code\Key Recovery Attack\Round key_Guessing\12-round distinguisher\12-round distinguisher\12-round distinguisher.cpp(630,81): warning C4101: “k7”: 未引用的局部变量
D:\Paper Writing\Shadow\投稿---TC\大修\代码\Code\Key Recovery Attack\Round key_Guessing\12-round distinguisher\12-round distinguisher\12-round distinguisher.cpp(630,77): warning C4101: “k6”: 未引用的局部变量
D:\Paper Writing\Shadow\投稿---TC\大修\代码\Code\Key Recovery Attack\Round key_Guessing\12-round distinguisher\12-round distinguisher\12-round distinguisher.cpp(630,65): warning C4101: “k3”: 未引用的局部变量
D:\Paper Writing\Shadow\投稿---TC\大修\代码\Code\Key Recovery Attack\Round key_Guessing\12-round distinguisher\12-round distinguisher\12-round distinguisher.cpp(631,79): warning C4101: “mr0_13”: 未引用的局部变量
D:\Paper Writing\Shadow\投稿---TC\大修\代码\Code\Key Recovery Attack\Round key_Guessing\12-round distinguisher\12-round distinguisher\12-round distinguisher.cpp(630,73): warning C4101: “k5”: 未引用的局部变量
D:\Paper Writing\Shadow\投稿---TC\大修\代码\Code\Key Recovery Attack\Round key_Guessing\12-round distinguisher\12-round distinguisher\12-round distinguisher.cpp(815,27): warning C4101: “R0”: 未引用的局部变量
D:\Paper Writing\Shadow\投稿---TC\大修\代码\Code\Key Recovery Attack\Round key_Guessing\12-round distinguisher\12-round distinguisher\12-round distinguisher.cpp(815,19): warning C4101: “L0”: 未引用的局部变量
D:\Paper Writing\Shadow\投稿---TC\大修\代码\Code\Key Recovery Attack\Round key_Guessing\12-round distinguisher\12-round distinguisher\12-round distinguisher.cpp(815,43): warning C4101: “k2”: 未引用的局部变量
D:\Paper Writing\Shadow\投稿---TC\大修\代码\Code\Key Recovery Attack\Round key_Guessing\12-round distinguisher\12-round distinguisher\12-round distinguisher.cpp(815,31): warning C4101: “R1”: 未引用的局部变量
D:\Paper Writing\Shadow\投稿---TC\大修\代码\Code\Key Recovery Attack\Round key_Guessing\12-round distinguisher\12-round distinguisher\12-round distinguisher.cpp(815,39): warning C4101: “k1”: 未引用的局部变量
D:\Paper Writing\Shadow\投稿---TC\大修\代码\Code\Key Recovery Attack\Round key_Guessing\12-round distinguisher\12-round distinguisher\12-round distinguisher.cpp(815,35): warning C4101: “k0”: 未引用的局部变量
D:\Paper Writing\Shadow\投稿---TC\大修\代码\Code\Key Recovery Attack\Round key_Guessing\12-round distinguisher\12-round distinguisher\12-round distinguisher.cpp(815,23): warning C4101: “L1”: 未引用的局部变量
D:\Paper Writing\Shadow\投稿---TC\大修\代码\Code\Key Recovery Attack\Round key_Guessing\12-round distinguisher\12-round distinguisher\12-round distinguisher.cpp(815,47): warning C4101: “k3”: 未引用的局部变量
  正在生成代码
  1 of 173 functions ( 0.6%) were compiled, the rest were copied from previous compilation.
    0 functions were new in current compilation
    1 functions had inline decision re-evaluated but remain unchanged
  已完成代码的生成
  12-round distinguisher.vcxproj -> D:\Paper Writing\Shadow\投稿---TC\大修\代码\Code\Key Recovery Attack\Round key_Guessing\12-round distinguisher\x64\Release\12-round distinguisher.exe
