  Extract round key information .cpp
D:\Paper Writing\Shadow\投稿---TC\大修\代码\Code\Key Recovery Attack\Extact_round_key_information\Extact_round_key_information\Extract round key information .cpp(107,9): warning C4101: “sum_13_0”: 未引用的局部变量
D:\Paper Writing\Shadow\投稿---TC\大修\代码\Code\Key Recovery Attack\Extact_round_key_information\Extact_round_key_information\Extract round key information .cpp(106,19): warning C4101: “sum_12_1”: 未引用的局部变量
D:\Paper Writing\Shadow\投稿---TC\大修\代码\Code\Key Recovery Attack\Extact_round_key_information\Extact_round_key_information\Extract round key information .cpp(99,18): warning C4101: “sum_8_1”: 未引用的局部变量
D:\Paper Writing\Shadow\投稿---TC\大修\代码\Code\Key Recovery Attack\Extact_round_key_information\Extact_round_key_information\Extract round key information .cpp(108,19): warning C4101: “sum_14_1”: 未引用的局部变量
D:\Paper Writing\Shadow\投稿---TC\大修\代码\Code\Key Recovery Attack\Extact_round_key_information\Extact_round_key_information\Extract round key information .cpp(105,9): warning C4101: “sum_11_0”: 未引用的局部变量
D:\Paper Writing\Shadow\投稿---TC\大修\代码\Code\Key Recovery Attack\Extact_round_key_information\Extact_round_key_information\Extract round key information .cpp(101,9): warning C4101: “sum_6_0”: 未引用的局部变量
D:\Paper Writing\Shadow\投稿---TC\大修\代码\Code\Key Recovery Attack\Extact_round_key_information\Extact_round_key_information\Extract round key information .cpp(98,9): warning C4101: “sum_9_0”: 未引用的局部变量
D:\Paper Writing\Shadow\投稿---TC\大修\代码\Code\Key Recovery Attack\Extact_round_key_information\Extact_round_key_information\Extract round key information .cpp(100,18): warning C4101: “sum_7_1”: 未引用的局部变量
D:\Paper Writing\Shadow\投稿---TC\大修\代码\Code\Key Recovery Attack\Extact_round_key_information\Extact_round_key_information\Extract round key information .cpp(107,19): warning C4101: “sum_13_1”: 未引用的局部变量
D:\Paper Writing\Shadow\投稿---TC\大修\代码\Code\Key Recovery Attack\Extact_round_key_information\Extact_round_key_information\Extract round key information .cpp(103,18): warning C4101: “sum_4_1”: 未引用的局部变量
D:\Paper Writing\Shadow\投稿---TC\大修\代码\Code\Key Recovery Attack\Extact_round_key_information\Extact_round_key_information\Extract round key information .cpp(102,18): warning C4101: “sum_5_1”: 未引用的局部变量
D:\Paper Writing\Shadow\投稿---TC\大修\代码\Code\Key Recovery Attack\Extact_round_key_information\Extact_round_key_information\Extract round key information .cpp(101,18): warning C4101: “sum_6_1”: 未引用的局部变量
D:\Paper Writing\Shadow\投稿---TC\大修\代码\Code\Key Recovery Attack\Extact_round_key_information\Extact_round_key_information\Extract round key information .cpp(106,9): warning C4101: “sum_12_0”: 未引用的局部变量
D:\Paper Writing\Shadow\投稿---TC\大修\代码\Code\Key Recovery Attack\Extact_round_key_information\Extact_round_key_information\Extract round key information .cpp(104,9): warning C4101: “sum_3_0”: 未引用的局部变量
D:\Paper Writing\Shadow\投稿---TC\大修\代码\Code\Key Recovery Attack\Extact_round_key_information\Extact_round_key_information\Extract round key information .cpp(98,18): warning C4101: “sum_9_1”: 未引用的局部变量
D:\Paper Writing\Shadow\投稿---TC\大修\代码\Code\Key Recovery Attack\Extact_round_key_information\Extact_round_key_information\Extract round key information .cpp(108,9): warning C4101: “sum_14_0”: 未引用的局部变量
D:\Paper Writing\Shadow\投稿---TC\大修\代码\Code\Key Recovery Attack\Extact_round_key_information\Extact_round_key_information\Extract round key information .cpp(105,19): warning C4101: “sum_11_1”: 未引用的局部变量
D:\Paper Writing\Shadow\投稿---TC\大修\代码\Code\Key Recovery Attack\Extact_round_key_information\Extact_round_key_information\Extract round key information .cpp(97,9): warning C4101: “sum_10_0”: 未引用的局部变量
D:\Paper Writing\Shadow\投稿---TC\大修\代码\Code\Key Recovery Attack\Extact_round_key_information\Extact_round_key_information\Extract round key information .cpp(103,9): warning C4101: “sum_4_0”: 未引用的局部变量
D:\Paper Writing\Shadow\投稿---TC\大修\代码\Code\Key Recovery Attack\Extact_round_key_information\Extact_round_key_information\Extract round key information .cpp(100,9): warning C4101: “sum_7_0”: 未引用的局部变量
D:\Paper Writing\Shadow\投稿---TC\大修\代码\Code\Key Recovery Attack\Extact_round_key_information\Extact_round_key_information\Extract round key information .cpp(97,19): warning C4101: “sum_10_1”: 未引用的局部变量
D:\Paper Writing\Shadow\投稿---TC\大修\代码\Code\Key Recovery Attack\Extact_round_key_information\Extact_round_key_information\Extract round key information .cpp(99,9): warning C4101: “sum_8_0”: 未引用的局部变量
D:\Paper Writing\Shadow\投稿---TC\大修\代码\Code\Key Recovery Attack\Extact_round_key_information\Extact_round_key_information\Extract round key information .cpp(104,18): warning C4101: “sum_3_1”: 未引用的局部变量
D:\Paper Writing\Shadow\投稿---TC\大修\代码\Code\Key Recovery Attack\Extact_round_key_information\Extact_round_key_information\Extract round key information .cpp(102,9): warning C4101: “sum_5_0”: 未引用的局部变量
  正在生成代码
  3 of 176 functions ( 1.7%) were compiled, the rest were copied from previous compilation.
    0 functions were new in current compilation
    0 functions had inline decision re-evaluated but remain unchanged
  已完成代码的生成
  Extact_round_key_information.vcxproj -> D:\Paper Writing\Shadow\投稿---TC\大修\代码\Code\Key Recovery Attack\Extact_round_key_information\x64\Release\Extact_round_key_information.exe
